                        ; --------------------------------------
                        ; zasm: assemble "sample3_stack.asm"
                        ; date: 2023-06-18 12:14:54
                        ; --------------------------------------


0000:                   	ORG	0000h
0000:                   START:
0000: 310001   [10]     	LD	SP,0100h
0003: ED56     [18]     	IM	1
0005: FB       [22]     	EI
0006:                   LOOP:
0006: DB03     [11]     	IN	A,(03h)
0008: C604     [18]     	ADD	A,4
000A: D303     [29]     	OUT	(03h),A
000C: 321100   [42]     	LD	(BUFF),A
000F: 18F5     [54]     	JR	LOOP
0011:                   BUFF:
0011: FF                	DEFB	0FFh
                        ;
0012: FFFFFFFF          	ORG	0038h
0016: FF...             
0038:                   INT:
0038: FB       [ 4]     	EI
0039: ED4D     [18]     	RETI
                        ;
003B: FFFFFFFF          	ORG	0066h
003F: FF...             
0066:                   NMI:
0066: ED45     [14]     	RETN
                        	END


; +++ segments +++

#CODE          = $0000 =     0,  size = $0068 =   104

; +++ global symbols +++

BUFF    = $0011 =    17          sample3_stack.asm:12
INT     = $0038 =    56          sample3_stack.asm:16 (unused)
LOOP    = $0006 =     6          sample3_stack.asm:6
NMI     = $0066 =   102          sample3_stack.asm:21 (unused)
START   = $0000 =     0          sample3_stack.asm:2 (unused)
_end    = $0068 =   104          sample3_stack.asm:1 (unused)
_size   = $0068 =   104          sample3_stack.asm:1 (unused)


total time: 0.0068 sec.
no errors
