                        ; --------------------------------------
                        ; zasm: assemble "sample1_add.asm"
                        ; date: 2023-06-13 23:29:26
                        ; --------------------------------------


0000:                   	ORG	0000h
0000:                   START:
0000: 3E03     [ 7]     	LD	A,3
0002: C604     [14]     	ADD	A,4
0004: 320800   [27]     	LD	(BUFF),A
0007: 76       [31]     	HALT
0008:                   BUFF:
0008: FF                	DEFB	0FFh
                        	END


; +++ segments +++

#CODE          = $0000 =     0,  size = $0009 =     9

; +++ global symbols +++

BUFF    = $0008 =     8          sample1_add.asm:7
START   = $0000 =     0          sample1_add.asm:2 (unused)
_end    = $0009 =     9          sample1_add.asm:1 (unused)
_size   = $0009 =     9          sample1_add.asm:1 (unused)


total time: 0.0117 sec.
no errors
